{"name": "Проверка создания заказа.", "status": "broken", "statusDetails": {"message": "selenium.common.exceptions.TimeoutException: Message: \nStacktrace:\nRemoteError@chrome://remote/content/shared/RemoteError.sys.mjs:8:8\nWebDriverError@chrome://remote/content/shared/webdriver/Errors.sys.mjs:187:5\nNoSuchElementError@chrome://remote/content/shared/webdriver/Errors.sys.mjs:505:5\nelement.find/</<@chrome://remote/content/marionette/element.sys.mjs:135:16", "trace": "self = <test_top_order.TestTopOrder object at 0x0000024F44A0F750>, driver = <selenium.webdriver.firefox.webdriver.WebDriver (session=\"d683e9f7-8118-497d-bfa8-b734ad436cf7\")>\n\n    @allure.title('Проверка создания заказа.')\n    @allure.description('Проверяем возможность заказа по кнопке \"Заказть\" в верхней части экрана. '\n                        'Тест позитивный, проверяется три раза')\n    @allure.step ('Нажимаем на кнопку \"Заказать, вводим данные клиента: Имя, Фамилия ,телефон, адрес доставки, метро ')\n    @allure.step('Нажимаем на кнопку \"Далее\", вводим данные аренды: дата доставки, длительность, цвет самоката, комментарий')\n    @allure.step('Нажимаем на кнопку \"Заказать, проверяем ,что заказ сформирован, записываем номер заказа в файл,'\n                 'для дальнейшего использования')\n    def test_check_top_order(self, driver):\n        for i in range(0,3):\n            OrderPage(driver).order_part_button_order_click(LocatorOrder.top_order_button)\n            OrderPage(driver)\\\n                .order_part_scooter_drv(LocatorOrder.scooter_dr_text,\n                                        LocatorOrder.firstname, LocatorOrder.list_firstname[i],\n                                        LocatorOrder.surname, LocatorOrder.list_surname[i],\n                                        LocatorOrder.addsress, LocatorOrder.list_address[i],\n                                        LocatorOrder.phone_number, LocatorOrder.list_phone[i],\n                                        LocatorOrder.list_railway_button, LocatorOrder.railway_station,\n                                        LocatorOrder.next_button)\n            OrderPage(driver).order_part_rent(LocatorOrder.date_delivery, LocatorOrder.list_delivery[i],\n                                                 LocatorOrder.period_rent, LocatorOrder.choose_period_rent,\n                                                 LocatorOrder.form_order_button, LocatorOrder.confirm_order_text,\n                                                 LocatorOrder.confirm_order_button, LocatorOrder.text_order_success)\n>           check_order = OrderPage(driver).order_part_check_order(LocatorOrder.check_status_butt, LocatorOrder.cancel_order_butt,\n                                                        LocatorOrder.view_order_butt)\n\ntest_top_order.py:33: \n_ _ _ _ _ _ _ _ _ _ _ _ _ _ _ _ _ _ _ _ _ _ _ _ _ _ _ _ _ _ _ _ _ _ _ _ _ _ _ _ _ _ _ _ _ _ _ _ _ _ _ _ _ _ _ _ _ _ _ _ _ _ _ _ _ _ _ _ _ _ _ _ _ _ _ _ _ _ _ _ _ _ _ _ _ _ _ _ _ _ _ _ _ _ _ _ _ _ _ _ _ _ _ _ _ _ _ _ _ _ _ _ _ _ _ _\n..\\pages\\order_page.py:51: in order_part_check_order\n    self.wait_for_load_page(cancel_order_butt_loc)\n..\\pages\\base_page.py:50: in wait_for_load_page\n    .until(expected_conditions.visibility_of_element_located(locator))\n_ _ _ _ _ _ _ _ _ _ _ _ _ _ _ _ _ _ _ _ _ _ _ _ _ _ _ _ _ _ _ _ _ _ _ _ _ _ _ _ _ _ _ _ _ _ _ _ _ _ _ _ _ _ _ _ _ _ _ _ _ _ _ _ _ _ _ _ _ _ _ _ _ _ _ _ _ _ _ _ _ _ _ _ _ _ _ _ _ _ _ _ _ _ _ _ _ _ _ _ _ _ _ _ _ _ _ _ _ _ _ _ _ _ _ _\n\nself = <selenium.webdriver.support.wait.WebDriverWait (session=\"d683e9f7-8118-497d-bfa8-b734ad436cf7\")>, method = <function visibility_of_element_located.<locals>._predicate at 0x0000024F44AEBF60>, message = ''\n\n    def until(self, method, message: str = \"\"):\n        \"\"\"Calls the method provided with the driver as an argument until the \\\n        return value does not evaluate to ``False``.\n    \n        :param method: callable(WebDriver)\n        :param message: optional message for :exc:`TimeoutException`\n        :returns: the result of the last call to `method`\n        :raises: :exc:`selenium.common.exceptions.TimeoutException` if timeout occurs\n        \"\"\"\n        screen = None\n        stacktrace = None\n    \n        end_time = time.monotonic() + self._timeout\n        while True:\n            try:\n                value = method(self._driver)\n                if value:\n                    return value\n            except self._ignored_exceptions as exc:\n                screen = getattr(exc, \"screen\", None)\n                stacktrace = getattr(exc, \"stacktrace\", None)\n            time.sleep(self._poll)\n            if time.monotonic() > end_time:\n                break\n>       raise TimeoutException(message, screen, stacktrace)\nE       selenium.common.exceptions.TimeoutException: Message: \nE       Stacktrace:\nE       RemoteError@chrome://remote/content/shared/RemoteError.sys.mjs:8:8\nE       WebDriverError@chrome://remote/content/shared/webdriver/Errors.sys.mjs:187:5\nE       NoSuchElementError@chrome://remote/content/shared/webdriver/Errors.sys.mjs:505:5\nE       element.find/</<@chrome://remote/content/marionette/element.sys.mjs:135:16\n\nC:\\Users\\gkir001\\AppData\\Local\\Programs\\Python\\Python311\\Lib\\site-packages\\selenium\\webdriver\\support\\wait.py:95: TimeoutException"}, "description": "Проверяем возможность заказа по кнопке \"Заказть\" в верхней части экрана. Тест позитивный, проверяется три раза", "steps": [{"name": "Нажимаем на кнопку \"Заказать, вводим данные клиента: Имя, Фамилия ,телефон, адрес доставки, метро ", "status": "broken", "statusDetails": {"message": "selenium.common.exceptions.TimeoutException: Message: \nStacktrace:\nRemoteError@chrome://remote/content/shared/RemoteError.sys.mjs:8:8\nWebDriverError@chrome://remote/content/shared/webdriver/Errors.sys.mjs:187:5\nNoSuchElementError@chrome://remote/content/shared/webdriver/Errors.sys.mjs:505:5\nelement.find/</<@chrome://remote/content/marionette/element.sys.mjs:135:16\n\n", "trace": "  File \"D:\\Sprint_4\\venv\\Lib\\site-packages\\allure_commons\\_allure.py\", line 192, in impl\n    return func(*a, **kw)\n           ^^^^^^^^^^^^^^\n  File \"D:\\Sprint_4\\venv\\Lib\\site-packages\\allure_commons\\_allure.py\", line 192, in impl\n    return func(*a, **kw)\n           ^^^^^^^^^^^^^^\n  File \"D:\\Sprint_4\\venv\\Lib\\site-packages\\allure_commons\\_allure.py\", line 192, in impl\n    return func(*a, **kw)\n           ^^^^^^^^^^^^^^\n  File \"D:\\Sprint_4\\test\\test_top_order.py\", line 33, in test_check_top_order\n    check_order = OrderPage(driver).order_part_check_order(LocatorOrder.check_status_butt, LocatorOrder.cancel_order_butt,\n                  ^^^^^^^^^^^^^^^^^^^^^^^^^^^^^^^^^^^^^^^^^^^^^^^^^^^^^^^^^^^^^^^^^^^^^^^^^^^^^^^^^^^^^^^^^^^^^^^^^^^^^^^^\n  File \"D:\\Sprint_4\\pages\\order_page.py\", line 51, in order_part_check_order\n    self.wait_for_load_page(cancel_order_butt_loc)\n  File \"D:\\Sprint_4\\pages\\base_page.py\", line 50, in wait_for_load_page\n    .until(expected_conditions.visibility_of_element_located(locator))\n     ^^^^^^^^^^^^^^^^^^^^^^^^^^^^^^^^^^^^^^^^^^^^^^^^^^^^^^^^^^^^^^^^^\n  File \"C:\\Users\\gkir001\\AppData\\Local\\Programs\\Python\\Python311\\Lib\\site-packages\\selenium\\webdriver\\support\\wait.py\", line 95, in until\n    raise TimeoutException(message, screen, stacktrace)\n"}, "steps": [{"name": "Нажимаем на кнопку \"Далее\", вводим данные аренды: дата доставки, длительность, цвет самоката, комментарий", "status": "broken", "statusDetails": {"message": "selenium.common.exceptions.TimeoutException: Message: \nStacktrace:\nRemoteError@chrome://remote/content/shared/RemoteError.sys.mjs:8:8\nWebDriverError@chrome://remote/content/shared/webdriver/Errors.sys.mjs:187:5\nNoSuchElementError@chrome://remote/content/shared/webdriver/Errors.sys.mjs:505:5\nelement.find/</<@chrome://remote/content/marionette/element.sys.mjs:135:16\n\n", "trace": "  File \"D:\\Sprint_4\\venv\\Lib\\site-packages\\allure_commons\\_allure.py\", line 192, in impl\n    return func(*a, **kw)\n           ^^^^^^^^^^^^^^\n  File \"D:\\Sprint_4\\venv\\Lib\\site-packages\\allure_commons\\_allure.py\", line 192, in impl\n    return func(*a, **kw)\n           ^^^^^^^^^^^^^^\n  File \"D:\\Sprint_4\\test\\test_top_order.py\", line 33, in test_check_top_order\n    check_order = OrderPage(driver).order_part_check_order(LocatorOrder.check_status_butt, LocatorOrder.cancel_order_butt,\n                  ^^^^^^^^^^^^^^^^^^^^^^^^^^^^^^^^^^^^^^^^^^^^^^^^^^^^^^^^^^^^^^^^^^^^^^^^^^^^^^^^^^^^^^^^^^^^^^^^^^^^^^^^\n  File \"D:\\Sprint_4\\pages\\order_page.py\", line 51, in order_part_check_order\n    self.wait_for_load_page(cancel_order_butt_loc)\n  File \"D:\\Sprint_4\\pages\\base_page.py\", line 50, in wait_for_load_page\n    .until(expected_conditions.visibility_of_element_located(locator))\n     ^^^^^^^^^^^^^^^^^^^^^^^^^^^^^^^^^^^^^^^^^^^^^^^^^^^^^^^^^^^^^^^^^\n  File \"C:\\Users\\gkir001\\AppData\\Local\\Programs\\Python\\Python311\\Lib\\site-packages\\selenium\\webdriver\\support\\wait.py\", line 95, in until\n    raise TimeoutException(message, screen, stacktrace)\n"}, "steps": [{"name": "Нажимаем на кнопку \"Заказать, проверяем ,что заказ сформирован, записываем номер заказа в файл,для дальнейшего использования", "status": "broken", "statusDetails": {"message": "selenium.common.exceptions.TimeoutException: Message: \nStacktrace:\nRemoteError@chrome://remote/content/shared/RemoteError.sys.mjs:8:8\nWebDriverError@chrome://remote/content/shared/webdriver/Errors.sys.mjs:187:5\nNoSuchElementError@chrome://remote/content/shared/webdriver/Errors.sys.mjs:505:5\nelement.find/</<@chrome://remote/content/marionette/element.sys.mjs:135:16\n\n", "trace": "  File \"D:\\Sprint_4\\venv\\Lib\\site-packages\\allure_commons\\_allure.py\", line 192, in impl\n    return func(*a, **kw)\n           ^^^^^^^^^^^^^^\n  File \"D:\\Sprint_4\\test\\test_top_order.py\", line 33, in test_check_top_order\n    check_order = OrderPage(driver).order_part_check_order(LocatorOrder.check_status_butt, LocatorOrder.cancel_order_butt,\n                  ^^^^^^^^^^^^^^^^^^^^^^^^^^^^^^^^^^^^^^^^^^^^^^^^^^^^^^^^^^^^^^^^^^^^^^^^^^^^^^^^^^^^^^^^^^^^^^^^^^^^^^^^\n  File \"D:\\Sprint_4\\pages\\order_page.py\", line 51, in order_part_check_order\n    self.wait_for_load_page(cancel_order_butt_loc)\n  File \"D:\\Sprint_4\\pages\\base_page.py\", line 50, in wait_for_load_page\n    .until(expected_conditions.visibility_of_element_located(locator))\n     ^^^^^^^^^^^^^^^^^^^^^^^^^^^^^^^^^^^^^^^^^^^^^^^^^^^^^^^^^^^^^^^^^\n  File \"C:\\Users\\gkir001\\AppData\\Local\\Programs\\Python\\Python311\\Lib\\site-packages\\selenium\\webdriver\\support\\wait.py\", line 95, in until\n    raise TimeoutException(message, screen, stacktrace)\n"}, "parameters": [{"name": "driver", "value": "<selenium.webdriver.firefox.webdriver.WebDriver (session=\"d683e9f7-8118-497d-bfa8-b734ad436cf7\")>"}], "start": 1690040051353, "stop": 1690040100150}], "parameters": [{"name": "a", "value": "(<test_top_order.TestTopOrder object at 0x0000024F44A0F750>,)"}, {"name": "driver", "value": "<selenium.webdriver.firefox.webdriver.WebDriver (session=\"d683e9f7-8118-497d-bfa8-b734ad436cf7\")>"}], "start": 1690040051353, "stop": 1690040100166}], "parameters": [{"name": "a", "value": "(<test_top_order.TestTopOrder object at 0x0000024F44A0F750>,)"}, {"name": "driver", "value": "<selenium.webdriver.firefox.webdriver.WebDriver (session=\"d683e9f7-8118-497d-bfa8-b734ad436cf7\")>"}], "start": 1690040051353, "stop": 1690040100166}], "attachments": [{"name": "stdout", "source": "f5e5e0e5-b296-465b-90af-7507529d3b16-attachment.txt", "type": "text/plain"}], "start": 1690040051353, "stop": 1690040100166, "uuid": "a4cecaff-c416-4989-9d4e-5ecaaa6fff8b", "historyId": "7d3afd0e96dc8dec4547fc22179fc78d", "testCaseId": "7d3afd0e96dc8dec4547fc22179fc78d", "fullName": "test_top_order.TestTopOrder#test_check_top_order", "labels": [{"name": "suite", "value": "test_top_order"}, {"name": "subSuite", "value": "TestTopOrder"}, {"name": "host", "value": "LAPTOP-50OB7OMU"}, {"name": "thread", "value": "26300-MainThread"}, {"name": "framework", "value": "pytest"}, {"name": "language", "value": "cpython3"}, {"name": "package", "value": "test_top_order"}]}